2025-05-31 18:05:00 [undefined] INFO: Connecting to MongoDB... {"service":"clipcraftr-bot"}
2025-05-31 18:05:00 [undefined] INFO: Connecting to MongoDB... {"service":"clipcraftr-bot"}
2025-05-31 18:05:35 [undefined] INFO: Connecting to MongoDB... {"service":"clipcraftr-bot"}
2025-05-31 18:05:35 [undefined] INFO: Starting database test... {"service":"clipcraftr-bot"}
2025-05-31 18:05:35 [undefined] INFO: Connecting to database... {"service":"clipcraftr-bot"}
2025-05-31 18:05:35 [undefined] INFO: Environment variables: {"service":"clipcraftr-bot","meta":{"nodeEnv":"development","mongoUri":"MONGODB_URI is set"}}
2025-05-31 18:06:05 [undefined] WARN: MongoDB disconnected {"service":"clipcraftr-bot"}
2025-05-31 18:07:12 [undefined] INFO: Connecting to MongoDB... {"service":"clipcraftr-bot"}
2025-05-31 18:07:12 [undefined] INFO: Starting database test... {"service":"clipcraftr-bot"}
2025-05-31 18:07:12 [undefined] INFO: Connecting to database... {"service":"clipcraftr-bot"}
2025-05-31 18:07:12 [undefined] INFO: Environment variables: {"service":"clipcraftr-bot","meta":{"nodeEnv":"development","mongoUri":"MONGODB_URI is set"}}
2025-05-31 18:07:41 [undefined] INFO: Connecting to MongoDB at: mongodb://localhost:27017/clipcraftr {"service":"clipcraftr-bot"}
2025-05-31 18:07:41 [undefined] INFO: Starting database test... {"service":"clipcraftr-bot"}
2025-05-31 18:07:41 [undefined] INFO: Connecting to database... {"service":"clipcraftr-bot"}
2025-05-31 18:07:41 [undefined] INFO: Environment variables: {"service":"clipcraftr-bot","meta":{"nodeEnv":"development","mongoUri":"MONGODB_URI is set"}}
2025-05-31 18:07:46 [undefined] WARN: MongoDB disconnected {"service":"clipcraftr-bot"}
2025-05-31 18:10:06 [undefined] INFO: Connecting to MongoDB at: mongodb://localhost:27017/clipcraftr {"service":"clipcraftr-bot"}
2025-05-31 18:10:06 [undefined] INFO: Starting database test... {"service":"clipcraftr-bot"}
2025-05-31 18:10:06 [undefined] INFO: Connecting to database... {"service":"clipcraftr-bot"}
2025-05-31 18:10:06 [undefined] INFO: Environment variables: {"service":"clipcraftr-bot","meta":{"nodeEnv":"development","mongoUri":"MONGODB_URI is set"}}
2025-05-31 18:10:11 [undefined] WARN: MongoDB disconnected {"service":"clipcraftr-bot"}
2025-05-31 18:12:48 [undefined] INFO: Connecting to MongoDB at: mongodb://localhost:27017/clipcraftr {"service":"clipcraftr-bot"}
2025-05-31 18:12:48 [undefined] INFO: Starting database test... {"service":"clipcraftr-bot"}
2025-05-31 18:12:48 [undefined] INFO: Connecting to database... {"service":"clipcraftr-bot"}
2025-05-31 18:12:48 [undefined] INFO: Environment variables: {"service":"clipcraftr-bot","meta":{"nodeEnv":"development","mongoUri":"MONGODB_URI is set"}}
2025-05-31 18:12:58 [undefined] WARN: MongoDB disconnected {"service":"clipcraftr-bot"}
2025-05-31 18:14:25 [undefined] INFO: Connecting to MongoDB at: mongodb://localhost:27017/clipcraftr {"service":"clipcraftr-bot"}
2025-05-31 18:14:25 [undefined] INFO: Starting database test... {"service":"clipcraftr-bot"}
2025-05-31 18:14:25 [undefined] INFO: Connecting to database... {"service":"clipcraftr-bot"}
2025-05-31 18:14:25 [undefined] INFO: Environment variables: {"service":"clipcraftr-bot","meta":{"nodeEnv":"development","mongoUri":"MONGODB_URI is set"}}
2025-05-31 18:14:35 [undefined] WARN: MongoDB disconnected {"service":"clipcraftr-bot"}
2025-05-31 18:15:01 [undefined] INFO: Connecting to MongoDB at: mongodb://localhost:27017/clipcraftr {"service":"clipcraftr-bot"}
2025-05-31 18:15:01 [undefined] INFO: Starting database test... {"service":"clipcraftr-bot"}
2025-05-31 18:15:01 [undefined] INFO: Connecting to database... {"service":"clipcraftr-bot"}
2025-05-31 18:15:01 [undefined] INFO: Environment variables: {"service":"clipcraftr-bot","meta":{"nodeEnv":"development","mongoUri":"MONGODB_URI is set"}}
2025-05-31 18:15:11 [undefined] WARN: MongoDB disconnected {"service":"clipcraftr-bot"}
2025-05-31 18:16:26 [undefined] INFO: Connecting to MongoDB at: mongodb://localhost:27017/clipcraftr {"service":"clipcraftr-bot"}
2025-05-31 18:16:26 [undefined] INFO: Starting database test... {"service":"clipcraftr-bot"}
2025-05-31 18:16:26 [undefined] INFO: Connecting to database... {"service":"clipcraftr-bot"}
2025-05-31 18:16:26 [undefined] INFO: Using MongoDB URI: mongodb://localhost:27017/clipcraftr {"service":"clipcraftr-bot"}
2025-05-31 18:16:36 [undefined] WARN: MongoDB disconnected {"service":"clipcraftr-bot"}
2025-05-31 18:18:16 [undefined] INFO: Connecting to MongoDB at: mongodb://localhost:27017/clipcraftr {"service":"clipcraftr-bot"}
2025-05-31 18:18:16 [undefined] INFO: Starting database test... {"service":"clipcraftr-bot"}
2025-05-31 18:18:16 [undefined] INFO: Using MongoDB URI: mongodb://localhost:27017/clipcraftr {"service":"clipcraftr-bot"}
2025-05-31 18:18:16 [undefined] INFO: Connecting to database... {"service":"clipcraftr-bot"}
2025-05-31 18:18:26 [undefined] WARN: MongoDB disconnected {"service":"clipcraftr-bot"}
2025-05-31 18:18:50 [undefined] INFO: Connecting to MongoDB at: mongodb://localhost:27017/clipcraftr {"service":"clipcraftr-bot"}
2025-05-31 18:18:50 [undefined] INFO: Starting database test... {"service":"clipcraftr-bot"}
2025-05-31 18:18:50 [undefined] INFO: Environment variables: {"service":"clipcraftr-bot","meta":{"NODE_ENV":"development","MONGODB_URI":"*** URI is set","MONGODB_HOST":"clipcraftr.aquvzqk.mongodb.net","MONGODB_DATABASE":"clipcraftr","MONGODB_USER":"***","MONGODB_PASSWORD":"***"}}
2025-05-31 18:18:50 [undefined] INFO: Using MongoDB URI: mongodb://localhost:27017/clipcraftr {"service":"clipcraftr-bot"}
2025-05-31 18:18:50 [undefined] INFO: Connecting to database... {"service":"clipcraftr-bot"}
2025-05-31 18:20:28 [undefined] INFO: Connecting to MongoDB at: mongodb+srv://${MONGODB_USER}:***@${MONGODB_HOST}/${MONGODB_DATABASE}?retryWrites=true&w=majority {"service":"clipcraftr-bot"}
2025-05-31 18:20:28 [undefined] INFO: Starting database test... {"service":"clipcraftr-bot"}
2025-05-31 18:20:28 [undefined] INFO: Environment variables: {"service":"clipcraftr-bot","meta":{"NODE_ENV":"development","MONGODB_URI":"*** URI is set","MONGODB_HOST":"not set","MONGODB_DATABASE":"not set","MONGODB_USER":"not set","MONGODB_PASSWORD":"not set"}}
2025-05-31 18:20:28 [undefined] INFO: Using MongoDB URI: mongodb+srv://${MONGODB_USER}:***@${MONGODB_HOST}/${MONGODB_DATABASE}?retryWrites=true&w=majority {"service":"clipcraftr-bot"}
2025-05-31 18:20:28 [undefined] INFO: Connecting to database... {"service":"clipcraftr-bot"}
2025-05-31 18:21:16 [undefined] INFO: Connecting to MongoDB at: mongodb://localhost:27017/clipcraftr {"service":"clipcraftr-bot"}
2025-05-31 18:21:16 [undefined] INFO: Starting database test... {"service":"clipcraftr-bot"}
2025-05-31 18:21:16 [undefined] INFO: Environment variables: {"service":"clipcraftr-bot","meta":{"NODE_ENV":"development","MONGODB_URI":"*** URI is set","MONGODB_HOST":"not set","MONGODB_DATABASE":"not set","MONGODB_USER":"not set","MONGODB_PASSWORD":"not set"}}
2025-05-31 18:21:16 [undefined] INFO: Using MongoDB URI: mongodb://localhost:27017/clipcraftr {"service":"clipcraftr-bot"}
2025-05-31 18:21:16 [undefined] INFO: Connecting to database... {"service":"clipcraftr-bot"}
2025-05-31 18:22:28 [undefined] INFO: Connecting to MongoDB at: mongodb+srv://jon:***@clipcraftr.aquvzqk.mongodb.net/clipcraftr?retryWrites=true&w=majority {"service":"clipcraftr-bot"}
2025-05-31 18:22:28 [undefined] INFO: Starting database test... {"service":"clipcraftr-bot"}
2025-05-31 18:22:28 [undefined] INFO: MongoDB connection details: {"service":"clipcraftr-bot","meta":{"user":"***","host":"clipcraftr.aquvzqk.mongodb.net","database":"clipcraftr","hasPassword":true}}
2025-05-31 18:22:28 [undefined] INFO: Using MongoDB URI: mongodb+srv://jon:***@clipcraftr.aquvzqk.mongodb.net/clipcraftr?retryWrites=true&w=majority {"service":"clipcraftr-bot"}
2025-05-31 18:22:28 [undefined] INFO: Connecting to database... {"service":"clipcraftr-bot"}
2025-05-31 18:22:28 [undefined] INFO: Successfully connected to MongoDB {"service":"clipcraftr-bot"}
2025-05-31 18:22:28 [undefined] INFO: Successfully connected to database {"service":"clipcraftr-bot"}
2025-05-31 18:23:56 [undefined] INFO: Connecting to MongoDB at: mongodb+srv://jon:***@clipcraftr.aquvzqk.mongodb.net/clipcraftr?retryWrites=true&w=majority {"service":"clipcraftr-bot"}
2025-05-31 18:23:56 [undefined] INFO: Starting database test... {"service":"clipcraftr-bot"}
2025-05-31 18:23:56 [undefined] INFO: MongoDB connection details: {"service":"clipcraftr-bot","meta":{"user":"***","host":"clipcraftr.aquvzqk.mongodb.net","database":"clipcraftr"}}
2025-05-31 18:23:56 [undefined] INFO: Using MongoDB URI: mongodb+srv://jon:***@clipcraftr.aquvzqk.mongodb.net/clipcraftr?retryWrites=true&w=majority {"service":"clipcraftr-bot"}
2025-05-31 18:23:56 [undefined] INFO: Connecting to database... {"service":"clipcraftr-bot"}
2025-05-31 18:23:56 [undefined] INFO: Successfully connected to MongoDB {"service":"clipcraftr-bot"}
2025-05-31 18:23:56 [undefined] INFO: Successfully connected to database {"service":"clipcraftr-bot"}
2025-05-31 18:36:28 [undefined] INFO: Connecting to MongoDB at: mongodb+srv://jon:***@clipcraftr.aquvzqk.mongodb.net/clipcraftr?retryWrites=true&w=majority {"service":"clipcraftr-bot"}
2025-05-31 18:36:28 [undefined] INFO: Starting database test... {"service":"clipcraftr-bot"}
2025-05-31 18:36:28 [undefined] INFO: MongoDB connection details: {"service":"clipcraftr-bot","meta":{"user":"***","host":"clipcraftr.aquvzqk.mongodb.net","database":"clipcraftr"}}
2025-05-31 18:36:28 [undefined] INFO: Using MongoDB URI: mongodb+srv://jon:***@clipcraftr.aquvzqk.mongodb.net/clipcraftr?retryWrites=true&w=majority {"service":"clipcraftr-bot"}
2025-05-31 18:36:28 [undefined] INFO: Connecting to database... {"service":"clipcraftr-bot"}
2025-05-31 18:36:28 [undefined] INFO: Successfully connected to MongoDB {"service":"clipcraftr-bot"}
2025-05-31 18:36:28 [undefined] INFO: Successfully connected to database {"service":"clipcraftr-bot"}
